[2020-07-11 16:59:35,984] multiqc                                            [DEBUG  ]  No MultiQC config found: /cluster/home/mtinti/miniconda3/envs/ritSeq/lib/python3.7/site-packages/multiqc_config.yaml
[2020-07-11 16:59:35,984] multiqc                                            [DEBUG  ]  No MultiQC config found: /homes/mtinti/.multiqc_config.yaml
[2020-07-11 16:59:35,987] multiqc                                            [DEBUG  ]  Loading config settings from: multiqc_config.yaml
[2020-07-11 16:59:35,987] multiqc                                            [DEBUG  ]  New config 'title': Polysome RNA-seq
[2020-07-11 16:59:35,988] multiqc                                            [DEBUG  ]  Added to filename clean extensions: ['_1.fastq.gz', '_sorted.bam']
[2020-07-11 16:59:35,988] multiqc                                            [DEBUG  ]  New config 'data_dir_name': polysome_mqc/report_data
[2020-07-11 16:59:35,988] multiqc                                            [DEBUG  ]  New config 'output_fn_name': polysome_mqc/report.html
[2020-07-11 16:59:35,988] multiqc                                            [DEBUG  ]  New config 'fastp': {'fn': '*__fastp.json'}
[2020-07-11 16:59:35,988] multiqc                                            [DEBUG  ]  New config 'top_modules': ['generalstats', 'fastp', 'bowtie2', 'bamqc', 'picard', 'featurecounts']
[2020-07-11 16:59:35,989] multiqc                                            [DEBUG  ]  Loading config settings from: multiqc_fastqs.yaml
[2020-07-11 16:59:35,989] multiqc                                            [DEBUG  ]  New config 'title': Polysome RNA-seq
[2020-07-11 16:59:35,989] multiqc                                            [DEBUG  ]  Added to filename clean extensions: ['_sorted.bam']
[2020-07-11 16:59:35,990] multiqc                                            [DEBUG  ]  New config 'data_dir_name': polysome_mqc/report_data_fastqs
[2020-07-11 16:59:35,990] multiqc                                            [DEBUG  ]  New config 'output_fn_name': polysome_mqc/report_fastqs.html
[2020-07-11 16:59:35,990] multiqc                                            [DEBUG  ]  Command used: /homes/mtinti/miniconda3/envs/ritSeq/bin/multiqc B_pol_1/res3/B_pol_1/fastqs B_pol_2/res3/B_pol_2/fastqs B_pol_3/res3/B_pol_3/fastqs B_sub_1/res3/B_sub_1/fastqs B_sub_2/res3/B_sub_2/fastqs B_sub_3/res3/B_sub_3/fastqs B_tot_1/res3/B_tot_1/fastqs B_tot_2/res3/B_tot_2/fastqs B_tot_3/res3/B_tot_3/fastqs P_pol_1/res3/P_pol_1/fastqs P_pol_2/res3/P_pol_2/fastqs P_pol_3/res3/P_pol_3/fastqs P_sub_1/res3/P_sub_1/fastqs P_sub_2/res3/P_sub_2/fastqs P_sub_3/res3/P_sub_3/fastqs P_tot_1/res3/P_tot_1/fastqs P_tot_2/res3/P_tot_2/fastqs P_tot_3/res3/P_tot_3/fastqs --config multiqc_fastqs.yaml -f
[2020-07-11 16:59:36,200] multiqc                                            [WARNING]  MultiQC Version v1.9 now available!
[2020-07-11 16:59:36,200] multiqc                                            [INFO   ]  This is MultiQC v1.7
[2020-07-11 16:59:36,200] multiqc                                            [DEBUG  ]  Command     : /homes/mtinti/miniconda3/envs/ritSeq/bin/multiqc B_pol_1/res3/B_pol_1/fastqs B_pol_2/res3/B_pol_2/fastqs B_pol_3/res3/B_pol_3/fastqs B_sub_1/res3/B_sub_1/fastqs B_sub_2/res3/B_sub_2/fastqs B_sub_3/res3/B_sub_3/fastqs B_tot_1/res3/B_tot_1/fastqs B_tot_2/res3/B_tot_2/fastqs B_tot_3/res3/B_tot_3/fastqs P_pol_1/res3/P_pol_1/fastqs P_pol_2/res3/P_pol_2/fastqs P_pol_3/res3/P_pol_3/fastqs P_sub_1/res3/P_sub_1/fastqs P_sub_2/res3/P_sub_2/fastqs P_sub_3/res3/P_sub_3/fastqs P_tot_1/res3/P_tot_1/fastqs P_tot_2/res3/P_tot_2/fastqs P_tot_3/res3/P_tot_3/fastqs --config multiqc_fastqs.yaml -f
[2020-07-11 16:59:36,200] multiqc                                            [DEBUG  ]  Working dir : /cluster/majf_lab/mtinti/polisome
[2020-07-11 16:59:36,200] multiqc                                            [INFO   ]  Template    : default
[2020-07-11 16:59:36,200] multiqc                                            [INFO   ]  Report title: Polysome RNA-seq
[2020-07-11 16:59:36,200] multiqc                                            [INFO   ]  Searching 'B_pol_1/res3/B_pol_1/fastqs'
[2020-07-11 16:59:36,201] multiqc                                            [INFO   ]  Searching 'B_pol_2/res3/B_pol_2/fastqs'
[2020-07-11 16:59:36,201] multiqc                                            [INFO   ]  Searching 'B_pol_3/res3/B_pol_3/fastqs'
[2020-07-11 16:59:36,201] multiqc                                            [INFO   ]  Searching 'B_sub_1/res3/B_sub_1/fastqs'
[2020-07-11 16:59:36,201] multiqc                                            [INFO   ]  Searching 'B_sub_2/res3/B_sub_2/fastqs'
[2020-07-11 16:59:36,201] multiqc                                            [INFO   ]  Searching 'B_sub_3/res3/B_sub_3/fastqs'
[2020-07-11 16:59:36,201] multiqc                                            [INFO   ]  Searching 'B_tot_1/res3/B_tot_1/fastqs'
[2020-07-11 16:59:36,201] multiqc                                            [INFO   ]  Searching 'B_tot_2/res3/B_tot_2/fastqs'
[2020-07-11 16:59:36,201] multiqc                                            [INFO   ]  Searching 'B_tot_3/res3/B_tot_3/fastqs'
[2020-07-11 16:59:36,201] multiqc                                            [INFO   ]  Searching 'P_pol_1/res3/P_pol_1/fastqs'
[2020-07-11 16:59:36,201] multiqc                                            [INFO   ]  Searching 'P_pol_2/res3/P_pol_2/fastqs'
[2020-07-11 16:59:36,201] multiqc                                            [INFO   ]  Searching 'P_pol_3/res3/P_pol_3/fastqs'
[2020-07-11 16:59:36,202] multiqc                                            [INFO   ]  Searching 'P_sub_1/res3/P_sub_1/fastqs'
[2020-07-11 16:59:36,202] multiqc                                            [INFO   ]  Searching 'P_sub_2/res3/P_sub_2/fastqs'
[2020-07-11 16:59:36,202] multiqc                                            [INFO   ]  Searching 'P_sub_3/res3/P_sub_3/fastqs'
[2020-07-11 16:59:36,202] multiqc                                            [INFO   ]  Searching 'P_tot_1/res3/P_tot_1/fastqs'
[2020-07-11 16:59:36,202] multiqc                                            [INFO   ]  Searching 'P_tot_2/res3/P_tot_2/fastqs'
[2020-07-11 16:59:36,202] multiqc                                            [INFO   ]  Searching 'P_tot_3/res3/P_tot_3/fastqs'
[2020-07-11 16:59:36,203] multiqc                                            [DEBUG  ]  Analysing modules: fastp, bowtie2, picard, custom_content, conpair, peddy, methylQA, phantompeakqualtools, qualimap, preseq, quast, qorts, rna_seqc, rsem, rseqc, busco, goleft_indexcov, disambiguate, supernova, deeptools, sargasso, verifybamid, mirtrace, happy, homer, macs2, theta2, snpeff, gatk, htseq, bcftools, featureCounts, dedup, damageprofiler, prokka, samblaster, samtools, bamtools, jellyfish, vcftools, longranger, stacks, bbmap, bismark, biscuit, hicexplorer, hicup, hicpro, salmon, kallisto, slamdunk, star, hisat2, tophat, bowtie1, kat, leehom, adapterRemoval, clipandmerge, cutadapt, flexbar, trimmomatic, skewer, sortmerna, biobloomtools, fastq_screen, afterqc, fastqc, minionqc, clusterflow, bcl2fastq, interop, flash
[2020-07-11 16:59:36,203] multiqc                                            [DEBUG  ]  Using temporary directory for creating report: /tmp/993.1.all.q/tmpthpu9apc
[2020-07-11 16:59:36,406] multiqc                                            [DEBUG  ]  Ignoring file as matched an ignore pattern: B_pol_1_.sorted_unmap_all_1.tagged_filter.fastq.gz
[2020-07-11 16:59:36,406] multiqc                                            [DEBUG  ]  Ignoring file as matched an ignore pattern: B_pol_1_.sorted_unmap_all_2_screen.html
[2020-07-11 16:59:36,406] multiqc                                            [DEBUG  ]  Ignoring file as matched an ignore pattern: B_pol_1_.sorted_unmap_all_2.tagged_filter.fastq.gz
[2020-07-11 16:59:36,413] multiqc                                            [DEBUG  ]  Ignoring file as matched an ignore pattern: B_pol_1_.sorted_unmap_all_1_screen.html
[2020-07-11 16:59:36,416] multiqc                                            [DEBUG  ]  Ignoring file as matched an ignore pattern: B_pol_2_.sorted_unmap_all_2.tagged.fastq
[2020-07-11 16:59:36,417] multiqc                                            [DEBUG  ]  Ignoring file as matched an ignore pattern: B_pol_2_.sorted_unmap_all_1_screen.html
[2020-07-11 16:59:36,417] multiqc                                            [DEBUG  ]  Ignoring file as matched an ignore pattern: B_pol_2_.sorted_unmap_all_2.tagged_filter.fastq
[2020-07-11 16:59:36,417] multiqc                                            [DEBUG  ]  Ignoring file as matched an ignore pattern: B_pol_2_.sorted_unmap_all_2_screen.html
[2020-07-11 16:59:36,417] multiqc                                            [DEBUG  ]  Ignoring file as matched an ignore pattern: B_pol_2_.sorted_unmap_all_1.tagged.fastq
[2020-07-11 16:59:36,421] multiqc                                            [DEBUG  ]  Ignoring file as matched an ignore pattern: B_pol_2_.sorted_unmap_all_1.tagged_filter.fastq
[2020-07-11 16:59:36,422] multiqc                                            [DEBUG  ]  Ignoring file as matched an ignore pattern: B_pol_3_.sorted_unmap_all_1.tagged.fastq
[2020-07-11 16:59:36,424] multiqc                                            [DEBUG  ]  Ignoring file as matched an ignore pattern: B_pol_3_.sorted_unmap_all_1.tagged_filter.fastq
[2020-07-11 16:59:36,425] multiqc                                            [DEBUG  ]  Ignoring file as matched an ignore pattern: B_pol_3_.sorted_unmap_all_2_screen.html
[2020-07-11 16:59:36,426] multiqc                                            [DEBUG  ]  Ignoring file as matched an ignore pattern: B_pol_3_.sorted_unmap_all_1_screen.html
[2020-07-11 16:59:36,427] multiqc                                            [DEBUG  ]  Ignoring file as matched an ignore pattern: B_pol_3_.sorted_unmap_all_2.tagged.fastq
[2020-07-11 16:59:36,428] multiqc                                            [DEBUG  ]  Ignoring file as matched an ignore pattern: B_pol_3_.sorted_unmap_all_2.tagged_filter.fastq
[2020-07-11 16:59:36,436] multiqc                                            [DEBUG  ]  Ignoring file as matched an ignore pattern: B_sub_1_.sorted_unmap_all_1_screen.html
[2020-07-11 16:59:36,437] multiqc                                            [DEBUG  ]  Ignoring file as matched an ignore pattern: B_sub_1_.sorted_unmap_all_1.tagged.fastq
[2020-07-11 16:59:36,439] multiqc                                            [DEBUG  ]  Ignoring file as matched an ignore pattern: B_sub_1_.sorted_unmap_all_2_screen.html
[2020-07-11 16:59:36,440] multiqc                                            [DEBUG  ]  Ignoring file as matched an ignore pattern: B_sub_1_.sorted_unmap_all_2.tagged_filter.fastq
[2020-07-11 16:59:36,442] multiqc                                            [DEBUG  ]  Ignoring file as matched an ignore pattern: B_sub_1_.sorted_unmap_all_2.tagged.fastq
[2020-07-11 16:59:36,445] multiqc                                            [DEBUG  ]  Ignoring file as matched an ignore pattern: B_sub_1_.sorted_unmap_all_1.tagged_filter.fastq
[2020-07-11 16:59:36,450] multiqc                                            [DEBUG  ]  Ignoring file as matched an ignore pattern: B_sub_2_.sorted_unmap_all_2.tagged.fastq
[2020-07-11 16:59:36,452] multiqc                                            [DEBUG  ]  Ignoring file as matched an ignore pattern: B_sub_2_.sorted_unmap_all_2_screen.html
[2020-07-11 16:59:36,453] multiqc                                            [DEBUG  ]  Ignoring file as matched an ignore pattern: B_sub_2_.sorted_unmap_all_1.tagged_filter.fastq
[2020-07-11 16:59:36,454] multiqc                                            [DEBUG  ]  Ignoring file as matched an ignore pattern: B_sub_2_.sorted_unmap_all_2.tagged_filter.fastq
[2020-07-11 16:59:36,456] multiqc                                            [DEBUG  ]  Ignoring file as matched an ignore pattern: B_sub_2_.sorted_unmap_all_1.tagged.fastq
[2020-07-11 16:59:36,463] multiqc                                            [DEBUG  ]  Ignoring file as matched an ignore pattern: B_sub_2_.sorted_unmap_all_1_screen.html
[2020-07-11 16:59:36,463] multiqc                                            [DEBUG  ]  Ignoring file as matched an ignore pattern: B_sub_3_.sorted_unmap_all_2.tagged_filter.fastq
[2020-07-11 16:59:36,464] multiqc                                            [DEBUG  ]  Ignoring file as matched an ignore pattern: B_sub_3_.sorted_unmap_all_1.tagged.fastq
[2020-07-11 16:59:36,464] multiqc                                            [DEBUG  ]  Ignoring file as matched an ignore pattern: B_sub_3_.sorted_unmap_all_2_screen.html
[2020-07-11 16:59:36,471] multiqc                                            [DEBUG  ]  Ignoring file as matched an ignore pattern: B_sub_3_.sorted_unmap_all_1_screen.html
[2020-07-11 16:59:36,471] multiqc                                            [DEBUG  ]  Ignoring file as matched an ignore pattern: B_sub_3_.sorted_unmap_all_1.tagged_filter.fastq
[2020-07-11 16:59:36,472] multiqc                                            [DEBUG  ]  Ignoring file as matched an ignore pattern: B_sub_3_.sorted_unmap_all_2.tagged.fastq
[2020-07-11 16:59:36,472] multiqc                                            [DEBUG  ]  Ignoring file as matched an ignore pattern: B_tot_1_.sorted_unmap_all_2.tagged.fastq
[2020-07-11 16:59:36,476] multiqc                                            [DEBUG  ]  Ignoring file as matched an ignore pattern: B_tot_1_.sorted_unmap_all_2_screen.html
[2020-07-11 16:59:36,476] multiqc                                            [DEBUG  ]  Ignoring file as matched an ignore pattern: B_tot_1_.sorted_unmap_all_1.tagged_filter.fastq
[2020-07-11 16:59:36,476] multiqc                                            [DEBUG  ]  Ignoring file as matched an ignore pattern: B_tot_1_.sorted_unmap_all_1_screen.html
[2020-07-11 16:59:36,480] multiqc                                            [DEBUG  ]  Ignoring file as matched an ignore pattern: B_tot_1_.sorted_unmap_all_1.tagged.fastq
[2020-07-11 16:59:36,480] multiqc                                            [DEBUG  ]  Ignoring file as matched an ignore pattern: B_tot_1_.sorted_unmap_all_2.tagged_filter.fastq
[2020-07-11 16:59:36,481] multiqc                                            [DEBUG  ]  Ignoring file as matched an ignore pattern: B_tot_2_.sorted_unmap_all_1.tagged_filter.fastq
[2020-07-11 16:59:36,482] multiqc                                            [DEBUG  ]  Ignoring file as matched an ignore pattern: B_tot_2_.sorted_unmap_all_2.tagged.fastq
[2020-07-11 16:59:36,484] multiqc                                            [DEBUG  ]  Ignoring file as matched an ignore pattern: B_tot_2_.sorted_unmap_all_1.tagged.fastq
[2020-07-11 16:59:36,490] multiqc                                            [DEBUG  ]  Ignoring file as matched an ignore pattern: B_tot_2_.sorted_unmap_all_1_screen.html
[2020-07-11 16:59:36,490] multiqc                                            [DEBUG  ]  Ignoring file as matched an ignore pattern: B_tot_2_.sorted_unmap_all_2.tagged_filter.fastq
[2020-07-11 16:59:36,490] multiqc                                            [DEBUG  ]  Ignoring file as matched an ignore pattern: B_tot_2_.sorted_unmap_all_2_screen.html
[2020-07-11 16:59:36,496] multiqc                                            [DEBUG  ]  Ignoring file as matched an ignore pattern: B_tot_3_.sorted_unmap_all_2.tagged_filter.fastq
[2020-07-11 16:59:36,503] multiqc                                            [DEBUG  ]  Ignoring file as matched an ignore pattern: B_tot_3_.sorted_unmap_all_1_screen.html
[2020-07-11 16:59:36,504] multiqc                                            [DEBUG  ]  Ignoring file as matched an ignore pattern: B_tot_3_.sorted_unmap_all_2.tagged.fastq
[2020-07-11 16:59:36,504] multiqc                                            [DEBUG  ]  Ignoring file as matched an ignore pattern: B_tot_3_.sorted_unmap_all_2_screen.html
[2020-07-11 16:59:36,505] multiqc                                            [DEBUG  ]  Ignoring file as matched an ignore pattern: B_tot_3_.sorted_unmap_all_1.tagged_filter.fastq
[2020-07-11 16:59:36,508] multiqc                                            [DEBUG  ]  Ignoring file as matched an ignore pattern: B_tot_3_.sorted_unmap_all_1.tagged.fastq
[2020-07-11 16:59:36,515] multiqc                                            [DEBUG  ]  Ignoring file as matched an ignore pattern: P_pol_1_.sorted_unmap_all_1.tagged_filter.fastq
[2020-07-11 16:59:36,518] multiqc                                            [DEBUG  ]  Ignoring file as matched an ignore pattern: P_pol_1_.sorted_unmap_all_2.tagged.fastq
[2020-07-11 16:59:36,521] multiqc                                            [DEBUG  ]  Ignoring file as matched an ignore pattern: P_pol_1_.sorted_unmap_all_2.tagged_filter.fastq
[2020-07-11 16:59:36,521] multiqc                                            [DEBUG  ]  Ignoring file as matched an ignore pattern: P_pol_1_.sorted_unmap_all_1_screen.html
[2020-07-11 16:59:36,522] multiqc                                            [DEBUG  ]  Ignoring file as matched an ignore pattern: P_pol_1_.sorted_unmap_all_1.tagged.fastq
[2020-07-11 16:59:36,522] multiqc                                            [DEBUG  ]  Ignoring file as matched an ignore pattern: P_pol_1_.sorted_unmap_all_2_screen.html
[2020-07-11 16:59:36,523] multiqc                                            [DEBUG  ]  Ignoring file as matched an ignore pattern: P_pol_2_.sorted_unmap_all_1_screen.html
[2020-07-11 16:59:36,525] multiqc                                            [DEBUG  ]  Ignoring file as matched an ignore pattern: P_pol_2_.sorted_unmap_all_2_screen.html
[2020-07-11 16:59:36,529] multiqc                                            [DEBUG  ]  Ignoring file as matched an ignore pattern: P_pol_2_.sorted_unmap_all_2.tagged_filter.fastq
[2020-07-11 16:59:36,529] multiqc                                            [DEBUG  ]  Ignoring file as matched an ignore pattern: P_pol_2_.sorted_unmap_all_2.tagged.fastq
[2020-07-11 16:59:36,529] multiqc                                            [DEBUG  ]  Ignoring file as matched an ignore pattern: P_pol_2_.sorted_unmap_all_1.tagged_filter.fastq
[2020-07-11 16:59:36,530] multiqc                                            [DEBUG  ]  Ignoring file as matched an ignore pattern: P_pol_2_.sorted_unmap_all_1.tagged.fastq
[2020-07-11 16:59:36,537] multiqc                                            [DEBUG  ]  Ignoring file as matched an ignore pattern: P_pol_3_.sorted_unmap_all_1.tagged_filter.fastq
[2020-07-11 16:59:36,538] multiqc                                            [DEBUG  ]  Ignoring file as matched an ignore pattern: P_pol_3_.sorted_unmap_all_2.tagged.fastq
[2020-07-11 16:59:36,545] multiqc                                            [DEBUG  ]  Ignoring file as matched an ignore pattern: P_pol_3_.sorted_unmap_all_1_screen.html
[2020-07-11 16:59:36,548] multiqc                                            [DEBUG  ]  Ignoring file as matched an ignore pattern: P_pol_3_.sorted_unmap_all_1.tagged.fastq
[2020-07-11 16:59:36,549] multiqc                                            [DEBUG  ]  Ignoring file as matched an ignore pattern: P_pol_3_.sorted_unmap_all_2_screen.html
[2020-07-11 16:59:36,549] multiqc                                            [DEBUG  ]  Ignoring file as matched an ignore pattern: P_pol_3_.sorted_unmap_all_2.tagged_filter.fastq
[2020-07-11 16:59:36,550] multiqc                                            [DEBUG  ]  Ignoring file as matched an ignore pattern: P_sub_1_.sorted_unmap_all_1.tagged_filter.fastq
[2020-07-11 16:59:36,552] multiqc                                            [DEBUG  ]  Ignoring file as matched an ignore pattern: P_sub_1_.sorted_unmap_all_1_screen.html
[2020-07-11 16:59:36,553] multiqc                                            [DEBUG  ]  Ignoring file as matched an ignore pattern: P_sub_1_.sorted_unmap_all_1.tagged.fastq
[2020-07-11 16:59:36,553] multiqc                                            [DEBUG  ]  Ignoring file as matched an ignore pattern: P_sub_1_.sorted_unmap_all_2.tagged.fastq
[2020-07-11 16:59:36,554] multiqc                                            [DEBUG  ]  Ignoring file as matched an ignore pattern: P_sub_1_.sorted_unmap_all_2_screen.html
[2020-07-11 16:59:36,562] multiqc                                            [DEBUG  ]  Ignoring file as matched an ignore pattern: P_sub_1_.sorted_unmap_all_2.tagged_filter.fastq
[2020-07-11 16:59:36,565] multiqc                                            [DEBUG  ]  Ignoring file as matched an ignore pattern: P_sub_2_.sorted_unmap_all_1_screen.html
[2020-07-11 16:59:36,566] multiqc                                            [DEBUG  ]  Ignoring file as matched an ignore pattern: P_sub_2_.sorted_unmap_all_2_screen.html
[2020-07-11 16:59:36,567] multiqc                                            [DEBUG  ]  Ignoring file as matched an ignore pattern: P_sub_2_.sorted_unmap_all_2.tagged_filter.fastq
[2020-07-11 16:59:36,568] multiqc                                            [DEBUG  ]  Ignoring file as matched an ignore pattern: P_sub_2_.sorted_unmap_all_2.tagged.fastq
[2020-07-11 16:59:36,569] multiqc                                            [DEBUG  ]  Ignoring file as matched an ignore pattern: P_sub_2_.sorted_unmap_all_1.tagged.fastq
[2020-07-11 16:59:36,577] multiqc                                            [DEBUG  ]  Ignoring file as matched an ignore pattern: P_sub_2_.sorted_unmap_all_1.tagged_filter.fastq
[2020-07-11 16:59:36,578] multiqc                                            [DEBUG  ]  Ignoring file as matched an ignore pattern: P_sub_3_.sorted_unmap_all_2.tagged.fastq
[2020-07-11 16:59:36,586] multiqc                                            [DEBUG  ]  Ignoring file as matched an ignore pattern: P_sub_3_.sorted_unmap_all_1_screen.html
[2020-07-11 16:59:36,586] multiqc                                            [DEBUG  ]  Ignoring file as matched an ignore pattern: P_sub_3_.sorted_unmap_all_2_screen.html
[2020-07-11 16:59:36,586] multiqc                                            [DEBUG  ]  Ignoring file as matched an ignore pattern: P_sub_3_.sorted_unmap_all_2.tagged_filter.fastq
[2020-07-11 16:59:36,587] multiqc                                            [DEBUG  ]  Ignoring file as matched an ignore pattern: P_sub_3_.sorted_unmap_all_1.tagged_filter.fastq
[2020-07-11 16:59:36,590] multiqc                                            [DEBUG  ]  Ignoring file as matched an ignore pattern: P_sub_3_.sorted_unmap_all_1.tagged.fastq
[2020-07-11 16:59:36,598] multiqc                                            [DEBUG  ]  Ignoring file as matched an ignore pattern: P_tot_1_.sorted_unmap_all_2.tagged_filter.fastq
[2020-07-11 16:59:36,599] multiqc                                            [DEBUG  ]  Ignoring file as matched an ignore pattern: P_tot_1_.sorted_unmap_all_2.tagged.fastq
[2020-07-11 16:59:36,600] multiqc                                            [DEBUG  ]  Ignoring file as matched an ignore pattern: P_tot_1_.sorted_unmap_all_1_screen.html
[2020-07-11 16:59:36,600] multiqc                                            [DEBUG  ]  Ignoring file as matched an ignore pattern: P_tot_1_.sorted_unmap_all_1.tagged.fastq
[2020-07-11 16:59:36,600] multiqc                                            [DEBUG  ]  Ignoring file as matched an ignore pattern: P_tot_1_.sorted_unmap_all_2_screen.html
[2020-07-11 16:59:36,601] multiqc                                            [DEBUG  ]  Ignoring file as matched an ignore pattern: P_tot_1_.sorted_unmap_all_1.tagged_filter.fastq
[2020-07-11 16:59:36,605] multiqc                                            [DEBUG  ]  Ignoring file as matched an ignore pattern: P_tot_2_.sorted_unmap_all_2_screen.html
[2020-07-11 16:59:36,606] multiqc                                            [DEBUG  ]  Ignoring file as matched an ignore pattern: P_tot_2_.sorted_unmap_all_1_screen.html
[2020-07-11 16:59:36,607] multiqc                                            [DEBUG  ]  Ignoring file as matched an ignore pattern: P_tot_2_.sorted_unmap_all_2.tagged.fastq
[2020-07-11 16:59:36,610] multiqc                                            [DEBUG  ]  Ignoring file as matched an ignore pattern: P_tot_2_.sorted_unmap_all_2.tagged_filter.fastq
[2020-07-11 16:59:36,610] multiqc                                            [DEBUG  ]  Ignoring file as matched an ignore pattern: P_tot_2_.sorted_unmap_all_1.tagged_filter.fastq
[2020-07-11 16:59:36,617] multiqc                                            [DEBUG  ]  Ignoring file as matched an ignore pattern: P_tot_2_.sorted_unmap_all_1.tagged.fastq
[2020-07-11 16:59:36,622] multiqc                                            [DEBUG  ]  Ignoring file as matched an ignore pattern: P_tot_3_.sorted_unmap_all_2_screen.html
[2020-07-11 16:59:36,627] multiqc                                            [DEBUG  ]  Ignoring file as matched an ignore pattern: P_tot_3_.sorted_unmap_all_1_screen.html
[2020-07-11 16:59:36,629] multiqc                                            [DEBUG  ]  Ignoring file as matched an ignore pattern: P_tot_3_.sorted_unmap_all_1.tagged.fastq
[2020-07-11 16:59:36,630] multiqc                                            [DEBUG  ]  Ignoring file as matched an ignore pattern: P_tot_3_.sorted_unmap_all_1.tagged_filter.fastq
[2020-07-11 16:59:36,630] multiqc                                            [DEBUG  ]  Ignoring file as matched an ignore pattern: P_tot_3_.sorted_unmap_all_2.tagged.fastq
[2020-07-11 16:59:36,631] multiqc                                            [DEBUG  ]  Ignoring file as matched an ignore pattern: P_tot_3_.sorted_unmap_all_2.tagged_filter.fastq
[2020-07-11 16:59:37,121] multiqc                                            [DEBUG  ]  No samples found: fastp
[2020-07-11 16:59:37,126] multiqc                                            [DEBUG  ]  No samples found: bowtie2
[2020-07-11 16:59:37,137] multiqc                                            [DEBUG  ]  No samples found: picard
[2020-07-11 16:59:37,142] multiqc                                            [DEBUG  ]  No samples found: custom_content
[2020-07-11 16:59:37,147] multiqc                                            [DEBUG  ]  No samples found: conpair
[2020-07-11 16:59:37,151] multiqc                                            [DEBUG  ]  No samples found: peddy
[2020-07-11 16:59:37,156] multiqc                                            [DEBUG  ]  No samples found: methylQA
[2020-07-11 16:59:37,160] multiqc                                            [DEBUG  ]  No samples found: phantompeakqualtools
[2020-07-11 16:59:37,165] multiqc                                            [DEBUG  ]  No samples found: qualimap
[2020-07-11 16:59:37,170] multiqc                                            [DEBUG  ]  No samples found: preseq
[2020-07-11 16:59:37,174] multiqc                                            [DEBUG  ]  No samples found: quast
[2020-07-11 16:59:37,178] multiqc                                            [DEBUG  ]  No samples found: qorts
[2020-07-11 16:59:37,183] multiqc                                            [DEBUG  ]  No samples found: rna_seqc
[2020-07-11 16:59:37,187] multiqc                                            [DEBUG  ]  No samples found: rsem
[2020-07-11 16:59:37,195] multiqc                                            [DEBUG  ]  No samples found: rseqc
[2020-07-11 16:59:37,200] multiqc                                            [DEBUG  ]  No samples found: busco
[2020-07-11 16:59:37,204] multiqc                                            [DEBUG  ]  No samples found: goleft_indexcov
[2020-07-11 16:59:37,209] multiqc                                            [DEBUG  ]  No samples found: disambiguate
[2020-07-11 16:59:37,214] multiqc                                            [DEBUG  ]  No samples found: supernova
[2020-07-11 16:59:37,222] multiqc                                            [DEBUG  ]  No samples found: deeptools
[2020-07-11 16:59:37,227] multiqc                                            [DEBUG  ]  No samples found: sargasso
[2020-07-11 16:59:37,231] multiqc                                            [DEBUG  ]  No samples found: verifybamid
[2020-07-11 16:59:37,236] multiqc                                            [DEBUG  ]  No samples found: mirtrace
[2020-07-11 16:59:37,240] multiqc                                            [DEBUG  ]  No samples found: happy
[2020-07-11 16:59:37,245] multiqc                                            [DEBUG  ]  No samples found: homer
[2020-07-11 16:59:37,254] multiqc                                            [DEBUG  ]  No samples found: macs2
[2020-07-11 16:59:37,259] multiqc                                            [DEBUG  ]  No samples found: theta2
[2020-07-11 16:59:37,263] multiqc                                            [DEBUG  ]  No samples found: snpeff
[2020-07-11 16:59:37,269] multiqc                                            [DEBUG  ]  No samples found: gatk
[2020-07-11 16:59:37,273] multiqc                                            [DEBUG  ]  No samples found: htseq
[2020-07-11 16:59:37,278] multiqc                                            [DEBUG  ]  No samples found: bcftools
[2020-07-11 16:59:37,283] multiqc                                            [DEBUG  ]  No samples found: featureCounts
[2020-07-11 16:59:37,287] multiqc                                            [DEBUG  ]  No samples found: dedup
[2020-07-11 16:59:37,291] multiqc                                            [DEBUG  ]  No samples found: damageprofiler
[2020-07-11 16:59:37,296] multiqc                                            [DEBUG  ]  No samples found: prokka
[2020-07-11 16:59:37,300] multiqc                                            [DEBUG  ]  No samples found: samblaster
[2020-07-11 16:59:37,307] multiqc                                            [DEBUG  ]  No samples found: samtools
[2020-07-11 16:59:37,311] multiqc                                            [DEBUG  ]  No samples found: bamtools
[2020-07-11 16:59:37,315] multiqc                                            [DEBUG  ]  No samples found: jellyfish
[2020-07-11 16:59:37,321] multiqc                                            [DEBUG  ]  No samples found: vcftools
[2020-07-11 16:59:37,326] multiqc                                            [DEBUG  ]  No samples found: longranger
[2020-07-11 16:59:37,330] multiqc                                            [DEBUG  ]  No samples found: stacks
[2020-07-11 16:59:37,341] multiqc                                            [DEBUG  ]  No samples found: bbmap
[2020-07-11 16:59:37,346] multiqc                                            [DEBUG  ]  No samples found: bismark
[2020-07-11 16:59:37,350] multiqc                                            [DEBUG  ]  No samples found: biscuit
[2020-07-11 16:59:37,355] multiqc                                            [DEBUG  ]  No samples found: hicexplorer
[2020-07-11 16:59:37,359] multiqc                                            [DEBUG  ]  No samples found: hicup
[2020-07-11 16:59:37,364] multiqc                                            [DEBUG  ]  No samples found: hicpro
[2020-07-11 16:59:37,368] multiqc                                            [DEBUG  ]  No samples found: salmon
[2020-07-11 16:59:37,372] multiqc                                            [DEBUG  ]  No samples found: kallisto
[2020-07-11 16:59:37,377] multiqc                                            [DEBUG  ]  No samples found: slamdunk
[2020-07-11 16:59:37,381] multiqc                                            [DEBUG  ]  No samples found: star
[2020-07-11 16:59:37,385] multiqc                                            [DEBUG  ]  No samples found: hisat2
[2020-07-11 16:59:37,390] multiqc                                            [DEBUG  ]  No samples found: tophat
[2020-07-11 16:59:37,394] multiqc                                            [DEBUG  ]  No samples found: bowtie1
[2020-07-11 16:59:37,398] multiqc                                            [DEBUG  ]  No samples found: kat
[2020-07-11 16:59:37,403] multiqc                                            [DEBUG  ]  No samples found: leehom
[2020-07-11 16:59:37,407] multiqc                                            [DEBUG  ]  No samples found: adapterRemoval
[2020-07-11 16:59:37,411] multiqc                                            [DEBUG  ]  No samples found: clipandmerge
[2020-07-11 16:59:37,415] multiqc                                            [DEBUG  ]  No samples found: cutadapt
[2020-07-11 16:59:37,420] multiqc                                            [DEBUG  ]  No samples found: flexbar
[2020-07-11 16:59:37,424] multiqc                                            [DEBUG  ]  No samples found: trimmomatic
[2020-07-11 16:59:37,428] multiqc                                            [DEBUG  ]  No samples found: skewer
[2020-07-11 16:59:37,432] multiqc                                            [DEBUG  ]  No samples found: sortmerna
[2020-07-11 16:59:37,437] multiqc                                            [DEBUG  ]  No samples found: biobloomtools
[2020-07-11 16:59:37,450] multiqc.modules.fastq_screen.fastq_screen          [DEBUG  ]  Duplicate sample name found! Overwriting: B_pol_1
[2020-07-11 16:59:37,455] multiqc.modules.fastq_screen.fastq_screen          [DEBUG  ]  Duplicate sample name found! Overwriting: B_pol_2
[2020-07-11 16:59:37,460] multiqc.modules.fastq_screen.fastq_screen          [DEBUG  ]  Duplicate sample name found! Overwriting: B_pol_3
[2020-07-11 16:59:37,465] multiqc.modules.fastq_screen.fastq_screen          [DEBUG  ]  Duplicate sample name found! Overwriting: B_sub_1
[2020-07-11 16:59:37,470] multiqc.modules.fastq_screen.fastq_screen          [DEBUG  ]  Duplicate sample name found! Overwriting: B_sub_2
[2020-07-11 16:59:37,472] multiqc.modules.fastq_screen.fastq_screen          [DEBUG  ]  Duplicate sample name found! Overwriting: B_sub_3
[2020-07-11 16:59:37,475] multiqc.modules.fastq_screen.fastq_screen          [DEBUG  ]  Duplicate sample name found! Overwriting: B_tot_1
[2020-07-11 16:59:37,480] multiqc.modules.fastq_screen.fastq_screen          [DEBUG  ]  Duplicate sample name found! Overwriting: B_tot_2
[2020-07-11 16:59:37,486] multiqc.modules.fastq_screen.fastq_screen          [DEBUG  ]  Duplicate sample name found! Overwriting: B_tot_3
[2020-07-11 16:59:37,491] multiqc.modules.fastq_screen.fastq_screen          [DEBUG  ]  Duplicate sample name found! Overwriting: P_pol_1
[2020-07-11 16:59:37,497] multiqc.modules.fastq_screen.fastq_screen          [DEBUG  ]  Duplicate sample name found! Overwriting: P_pol_2
[2020-07-11 16:59:37,502] multiqc.modules.fastq_screen.fastq_screen          [DEBUG  ]  Duplicate sample name found! Overwriting: P_pol_3
[2020-07-11 16:59:37,507] multiqc.modules.fastq_screen.fastq_screen          [DEBUG  ]  Duplicate sample name found! Overwriting: P_sub_1
[2020-07-11 16:59:37,512] multiqc.modules.fastq_screen.fastq_screen          [DEBUG  ]  Duplicate sample name found! Overwriting: P_sub_2
[2020-07-11 16:59:37,521] multiqc.modules.fastq_screen.fastq_screen          [DEBUG  ]  Duplicate sample name found! Overwriting: P_sub_3
[2020-07-11 16:59:37,527] multiqc.modules.fastq_screen.fastq_screen          [DEBUG  ]  Duplicate sample name found! Overwriting: P_tot_1
[2020-07-11 16:59:37,531] multiqc.modules.fastq_screen.fastq_screen          [DEBUG  ]  Duplicate sample name found! Overwriting: P_tot_2
[2020-07-11 16:59:37,537] multiqc.modules.fastq_screen.fastq_screen          [DEBUG  ]  Duplicate sample name found! Overwriting: P_tot_3
[2020-07-11 16:59:37,537] multiqc.modules.fastq_screen.fastq_screen          [INFO   ]  Found 18 reports
[2020-07-11 16:59:37,553] multiqc                                            [DEBUG  ]  No samples found: afterqc
[2020-07-11 16:59:37,558] multiqc                                            [DEBUG  ]  No samples found: fastqc
[2020-07-11 16:59:37,562] multiqc                                            [DEBUG  ]  No samples found: minionqc
[2020-07-11 16:59:37,567] multiqc                                            [DEBUG  ]  No samples found: clusterflow
[2020-07-11 16:59:37,571] multiqc                                            [DEBUG  ]  No samples found: bcl2fastq
[2020-07-11 16:59:37,577] multiqc                                            [DEBUG  ]  No samples found: interop
[2020-07-11 16:59:37,583] multiqc                                            [DEBUG  ]  No samples found: flash
[2020-07-11 16:59:37,584] multiqc                                            [INFO   ]  Compressing plot data
[2020-07-11 16:59:37,607] multiqc                                            [INFO   ]  Report      : polysome_mqc/report_fastqs.html
[2020-07-11 16:59:37,608] multiqc                                            [INFO   ]  Data        : polysome_mqc/report_data_fastqs
[2020-07-11 16:59:37,608] multiqc                                            [DEBUG  ]  Moving data file from '/tmp/993.1.all.q/tmpthpu9apc/multiqc_data/multiqc_fastq_screen.txt' to '/cluster/majf_lab/mtinti/polisome/polysome_mqc/report_data_fastqs'
[2020-07-11 16:59:37,610] multiqc                                            [DEBUG  ]  Moving data file from '/tmp/993.1.all.q/tmpthpu9apc/multiqc_data/multiqc_sources.txt' to '/cluster/majf_lab/mtinti/polisome/polysome_mqc/report_data_fastqs'
[2020-07-11 16:59:37,611] multiqc                                            [DEBUG  ]  Moving data file from '/tmp/993.1.all.q/tmpthpu9apc/multiqc_data/multiqc_data.json' to '/cluster/majf_lab/mtinti/polisome/polysome_mqc/report_data_fastqs'
[2020-07-11 16:59:37,831] multiqc                                            [INFO   ]  MultiQC complete
